handoff gate 20260709-131847 repo=Unite-Group branch=main head=c509c557
== type-check
PASS:type
== lint (changed-surface dirs)
PASS:lint
== tests (full apps/web)
    at startTests (file:///Users/phill-mac/Unite-Group/apps/web/node_modules/.pnpm/@vitest+runner@1.6.1/node_modules/@vitest/runner/dist/index.js:967:3)
    at startTests (file:///Users/phill-mac/Unite-Group/apps/web/node_modules/.pnpm/@vitest+runner@1.6.1/node_modules/@vitest/runner/dist/index.js:967:3)
    at startTests (file:///Users/phill-mac/Unite-Group/apps/web/node_modules/.pnpm/@vitest+runner@1.6.1/node_modules/@vitest/runner/dist/index.js:967:3)
    at startTests (file:///Users/phill-mac/Unite-Group/apps/web/node_modules/.pnpm/@vitest+runner@1.6.1/node_modules/@vitest/runner/dist/index.js:967:3)
    at startTests (file:///Users/phill-mac/Unite-Group/apps/web/node_modules/.pnpm/@vitest+runner@1.6.1/node_modules/@vitest/runner/dist/index.js:967:3)
    at startTests (file:///Users/phill-mac/Unite-Group/apps/web/node_modules/.pnpm/@vitest+runner@1.6.1/node_modules/@vitest/runner/dist/index.js:967:3)
    at startTests (file:///Users/phill-mac/Unite-Group/apps/web/node_modules/.pnpm/@vitest+runner@1.6.1/node_modules/@vitest/runner/dist/index.js:967:3)
    at startTests (file:///Users/phill-mac/Unite-Group/apps/web/node_modules/.pnpm/@vitest+runner@1.6.1/node_modules/@vitest/runner/dist/index.js:967:3)
    at startTests (file:///Users/phill-mac/Unite-Group/apps/web/node_modules/.pnpm/@vitest+runner@1.6.1/node_modules/@vitest/runner/dist/index.js:967:3)
    at startTests (file:///Users/phill-mac/Unite-Group/apps/web/node_modules/.pnpm/@vitest+runner@1.6.1/node_modules/@vitest/runner/dist/index.js:967:3)
    at startTests (file:///Users/phill-mac/Unite-Group/apps/web/node_modules/.pnpm/@vitest+runner@1.6.1/node_modules/@vitest/runner/dist/index.js:967:3)
    at startTests (file:///Users/phill-mac/Unite-Group/apps/web/node_modules/.pnpm/@vitest+runner@1.6.1/node_modules/@vitest/runner/dist/index.js:967:3)
    at startTests (file:///Users/phill-mac/Unite-Group/apps/web/node_modules/.pnpm/@vitest+runner@1.6.1/node_modules/@vitest/runner/dist/index.js:967:3)
    at startTests (file:///Users/phill-mac/Unite-Group/apps/web/node_modules/.pnpm/@vitest+runner@1.6.1/node_modules/@vitest/runner/dist/index.js:967:3)
    at startTests (file:///Users/phill-mac/Unite-Group/apps/web/node_modules/.pnpm/@vitest+runner@1.6.1/node_modules/@vitest/runner/dist/index.js:967:3)
    at startTests (file:///Users/phill-mac/Unite-Group/apps/web/node_modules/.pnpm/@vitest+runner@1.6.1/node_modules/@vitest/runner/dist/index.js:967:3)
    at startTests (file:///Users/phill-mac/Unite-Group/apps/web/node_modules/.pnpm/@vitest+runner@1.6.1/node_modules/@vitest/runner/dist/index.js:967:3)
    at startTests (file:///Users/phill-mac/Unite-Group/apps/web/node_modules/.pnpm/@vitest+runner@1.6.1/node_modules/@vitest/runner/dist/index.js:967:3)
    at startTests (file:///Users/phill-mac/Unite-Group/apps/web/node_modules/.pnpm/@vitest+runner@1.6.1/node_modules/@vitest/runner/dist/index.js:967:3)
    at startTests (file:///Users/phill-mac/Unite-Group/apps/web/node_modules/.pnpm/@vitest+runner@1.6.1/node_modules/@vitest/runner/dist/index.js:967:3)
    at startTests (file:///Users/phill-mac/Unite-Group/apps/web/node_modules/.pnpm/@vitest+runner@1.6.1/node_modules/@vitest/runner/dist/index.js:967:3)
    at startTests (file:///Users/phill-mac/Unite-Group/apps/web/node_modules/.pnpm/@vitest+runner@1.6.1/node_modules/@vitest/runner/dist/index.js:967:3)
    at startTests (file:///Users/phill-mac/Unite-Group/apps/web/node_modules/.pnpm/@vitest+runner@1.6.1/node_modules/@vitest/runner/dist/index.js:967:3)
    at startTests (file:///Users/phill-mac/Unite-Group/apps/web/node_modules/.pnpm/@vitest+runner@1.6.1/node_modules/@vitest/runner/dist/index.js:967:3)
    at startTests (file:///Users/phill-mac/Unite-Group/apps/web/node_modules/.pnpm/@vitest+runner@1.6.1/node_modules/@vitest/runner/dist/index.js:967:3)
    at startTests (file:///Users/phill-mac/Unite-Group/apps/web/node_modules/.pnpm/@vitest+runner@1.6.1/node_modules/@vitest/runner/dist/index.js:967:3)
    at startTests (file:///Users/phill-mac/Unite-Group/apps/web/node_modules/.pnpm/@vitest+runner@1.6.1/node_modules/@vitest/runner/dist/index.js:967:3)
    at startTests (file:///Users/phill-mac/Unite-Group/apps/web/node_modules/.pnpm/@vitest+runner@1.6.1/node_modules/@vitest/runner/dist/index.js:967:3)
    at startTests (file:///Users/phill-mac/Unite-Group/apps/web/node_modules/.pnpm/@vitest+runner@1.6.1/node_modules/@vitest/runner/dist/index.js:967:3)
    at startTests (file:///Users/phill-mac/Unite-Group/apps/web/node_modules/.pnpm/@vitest+runner@1.6.1/node_modules/@vitest/runner/dist/index.js:967:3)
    at startTests (file:///Users/phill-mac/Unite-Group/apps/web/node_modules/.pnpm/@vitest+runner@1.6.1/node_modules/@vitest/runner/dist/index.js:967:3)
    at startTests (file:///Users/phill-mac/Unite-Group/apps/web/node_modules/.pnpm/@vitest+runner@1.6.1/node_modules/@vitest/runner/dist/index.js:967:3)
    at startTests (file:///Users/phill-mac/Unite-Group/apps/web/node_modules/.pnpm/@vitest+runner@1.6.1/node_modules/@vitest/runner/dist/index.js:967:3)
    at startTests (file:///Users/phill-mac/Unite-Group/apps/web/node_modules/.pnpm/@vitest+runner@1.6.1/node_modules/@vitest/runner/dist/index.js:967:3)
    at startTests (file:///Users/phill-mac/Unite-Group/apps/web/node_modules/.pnpm/@vitest+runner@1.6.1/node_modules/@vitest/runner/dist/index.js:967:3)
    at startTests (file:///Users/phill-mac/Unite-Group/apps/web/node_modules/.pnpm/@vitest+runner@1.6.1/node_modules/@vitest/runner/dist/index.js:967:3)
    at startTests (file:///Users/phill-mac/Unite-Group/apps/web/node_modules/.pnpm/@vitest+runner@1.6.1/node_modules/@vitest/runner/dist/index.js:967:3)
    at startTests (file:///Users/phill-mac/Unite-Group/apps/web/node_modules/.pnpm/@vitest+runner@1.6.1/node_modules/@vitest/runner/dist/index.js:967:3)
    at startTests (file:///Users/phill-mac/Unite-Group/apps/web/node_modules/.pnpm/@vitest+runner@1.6.1/node_modules/@vitest/runner/dist/index.js:967:3)
    at startTests (file:///Users/phill-mac/Unite-Group/apps/web/node_modules/.pnpm/@vitest+runner@1.6.1/node_modules/@vitest/runner/dist/index.js:967:3)
    at startTests (file:///Users/phill-mac/Unite-Group/apps/web/node_modules/.pnpm/@vitest+runner@1.6.1/node_modules/@vitest/runner/dist/index.js:967:3)
    at startTests (file:///Users/phill-mac/Unite-Group/apps/web/node_modules/.pnpm/@vitest+runner@1.6.1/node_modules/@vitest/runner/dist/index.js:967:3)
    at startTests (file:///Users/phill-mac/Unite-Group/apps/web/node_modules/.pnpm/@vitest+runner@1.6.1/node_modules/@vitest/runner/dist/index.js:967:3)
    at startTests (file:///Users/phill-mac/Unite-Group/apps/web/node_modules/.pnpm/@vitest+runner@1.6.1/node_modules/@vitest/runner/dist/index.js:967:3)
    at startTests (file:///Users/phill-mac/Unite-Group/apps/web/node_modules/.pnpm/@vitest+runner@1.6.1/node_modules/@vitest/runner/dist/index.js:967:3)
    at startTests (file:///Users/phill-mac/Unite-Group/apps/web/node_modules/.pnpm/@vitest+runner@1.6.1/node_modules/@vitest/runner/dist/index.js:967:3)
    at startTests (file:///Users/phill-mac/Unite-Group/apps/web/node_modules/.pnpm/@vitest+runner@1.6.1/node_modules/@vitest/runner/dist/index.js:967:3)
    at startTests (file:///Users/phill-mac/Unite-Group/apps/web/node_modules/.pnpm/@vitest+runner@1.6.1/node_modules/@vitest/runner/dist/index.js:967:3)
    at startTests (file:///Users/phill-mac/Unite-Group/apps/web/node_modules/.pnpm/@vitest+runner@1.6.1/node_modules/@vitest/runner/dist/index.js:967:3)
    at startTests (file:///Users/phill-mac/Unite-Group/apps/web/node_modules/.pnpm/@vitest+runner@1.6.1/node_modules/@vitest/runner/dist/index.js:967:3)
    at startTests (file:///Users/phill-mac/Unite-Group/apps/web/node_modules/.pnpm/@vitest+runner@1.6.1/node_modules/@vitest/runner/dist/index.js:967:3)
    at startTests (file:///Users/phill-mac/Unite-Group/apps/web/node_modules/.pnpm/@vitest+runner@1.6.1/node_modules/@vitest/runner/dist/index.js:967:3)
    at startTests (file:///Users/phill-mac/Unite-Group/apps/web/node_modules/.pnpm/@vitest+runner@1.6.1/node_modules/@vitest/runner/dist/index.js:967:3)
    at startTests (file:///Users/phill-mac/Unite-Group/apps/web/node_modules/.pnpm/@vitest+runner@1.6.1/node_modules/@vitest/runner/dist/index.js:967:3)
    at startTests (file:///Users/phill-mac/Unite-Group/apps/web/node_modules/.pnpm/@vitest+runner@1.6.1/node_modules/@vitest/runner/dist/index.js:967:3)
    at startTests (file:///Users/phill-mac/Unite-Group/apps/web/node_modules/.pnpm/@vitest+runner@1.6.1/node_modules/@vitest/runner/dist/index.js:967:3)
    at startTests (file:///Users/phill-mac/Unite-Group/apps/web/node_modules/.pnpm/@vitest+runner@1.6.1/node_modules/@vitest/runner/dist/index.js:967:3)
    at startTests (file:///Users/phill-mac/Unite-Group/apps/web/node_modules/.pnpm/@vitest+runner@1.6.1/node_modules/@vitest/runner/dist/index.js:967:3)
    at startTests (file:///Users/phill-mac/Unite-Group/apps/web/node_modules/.pnpm/@vitest+runner@1.6.1/node_modules/@vitest/runner/dist/index.js:967:3)
    at startTests (file:///Users/phill-mac/Unite-Group/apps/web/node_modules/.pnpm/@vitest+runner@1.6.1/node_modules/@vitest/runner/dist/index.js:967:3)
    at startTests (file:///Users/phill-mac/Unite-Group/apps/web/node_modules/.pnpm/@vitest+runner@1.6.1/node_modules/@vitest/runner/dist/index.js:967:3)
    at startTests (file:///Users/phill-mac/Unite-Group/apps/web/node_modules/.pnpm/@vitest+runner@1.6.1/node_modules/@vitest/runner/dist/index.js:967:3)
    at startTests (file:///Users/phill-mac/Unite-Group/apps/web/node_modules/.pnpm/@vitest+runner@1.6.1/node_modules/@vitest/runner/dist/index.js:967:3)
    at startTests (file:///Users/phill-mac/Unite-Group/apps/web/node_modules/.pnpm/@vitest+runner@1.6.1/node_modules/@vitest/runner/dist/index.js:967:3)
    at startTests (file:///Users/phill-mac/Unite-Group/apps/web/node_modules/.pnpm/@vitest+runner@1.6.1/node_modules/@vitest/runner/dist/index.js:967:3)
    at startTests (file:///Users/phill-mac/Unite-Group/apps/web/node_modules/.pnpm/@vitest+runner@1.6.1/node_modules/@vitest/runner/dist/index.js:967:3)
    at startTests (file:///Users/phill-mac/Unite-Group/apps/web/node_modules/.pnpm/@vitest+runner@1.6.1/node_modules/@vitest/runner/dist/index.js:967:3)
    at startTests (file:///Users/phill-mac/Unite-Group/apps/web/node_modules/.pnpm/@vitest+runner@1.6.1/node_modules/@vitest/runner/dist/index.js:967:3)
    at startTests (file:///Users/phill-mac/Unite-Group/apps/web/node_modules/.pnpm/@vitest+runner@1.6.1/node_modules/@vitest/runner/dist/index.js:967:3)
    at startTests (file:///Users/phill-mac/Unite-Group/apps/web/node_modules/.pnpm/@vitest+runner@1.6.1/node_modules/@vitest/runner/dist/index.js:967:3)
    at startTests (file:///Users/phill-mac/Unite-Group/apps/web/node_modules/.pnpm/@vitest+runner@1.6.1/node_modules/@vitest/runner/dist/index.js:967:3)
    at startTests (file:///Users/phill-mac/Unite-Group/apps/web/node_modules/.pnpm/@vitest+runner@1.6.1/node_modules/@vitest/runner/dist/index.js:967:3)
    at startTests (file:///Users/phill-mac/Unite-Group/apps/web/node_modules/.pnpm/@vitest+runner@1.6.1/node_modules/@vitest/runner/dist/index.js:967:3)
    at startTests (file:///Users/phill-mac/Unite-Group/apps/web/node_modules/.pnpm/@vitest+runner@1.6.1/node_modules/@vitest/runner/dist/index.js:967:3)
    at startTests (file:///Users/phill-mac/Unite-Group/apps/web/node_modules/.pnpm/@vitest+runner@1.6.1/node_modules/@vitest/runner/dist/index.js:967:3)
    at startTests (file:///Users/phill-mac/Unite-Group/apps/web/node_modules/.pnpm/@vitest+runner@1.6.1/node_modules/@vitest/runner/dist/index.js:967:3)
    at startTests (file:///Users/phill-mac/Unite-Group/apps/web/node_modules/.pnpm/@vitest+runner@1.6.1/node_modules/@vitest/runner/dist/index.js:967:3)
    at startTests (file:///Users/phill-mac/Unite-Group/apps/web/node_modules/.pnpm/@vitest+runner@1.6.1/node_modules/@vitest/runner/dist/index.js:967:3)
    at startTests (file:///Users/phill-mac/Unite-Group/apps/web/node_modules/.pnpm/@vitest+runner@1.6.1/node_modules/@vitest/runner/dist/index.js:967:3)
    at startTests (file:///Users/phill-mac/Unite-Group/apps/web/node_modules/.pnpm/@vitest+runner@1.6.1/node_modules/@vitest/runner/dist/index.js:967:3)
    at startTests (file:///Users/phill-mac/Unite-Group/apps/web/node_modules/.pnpm/@vitest+runner@1.6.1/node_modules/@vitest/runner/dist/index.js:967:3)
    at startTests (file:///Users/phill-mac/Unite-Group/apps/web/node_modules/.pnpm/@vitest+runner@1.6.1/node_modules/@vitest/runner/dist/index.js:967:3)
    at startTests (file:///Users/phill-mac/Unite-Group/apps/web/node_modules/.pnpm/@vitest+runner@1.6.1/node_modules/@vitest/runner/dist/index.js:967:3)
    at startTests (file:///Users/phill-mac/Unite-Group/apps/web/node_modules/.pnpm/@vitest+runner@1.6.1/node_modules/@vitest/runner/dist/index.js:967:3)
    at startTests (file:///Users/phill-mac/Unite-Group/apps/web/node_modules/.pnpm/@vitest+runner@1.6.1/node_modules/@vitest/runner/dist/index.js:967:3)
    at startTests (file:///Users/phill-mac/Unite-Group/apps/web/node_modules/.pnpm/@vitest+runner@1.6.1/node_modules/@vitest/runner/dist/index.js:967:3)
    at startTests (file:///Users/phill-mac/Unite-Group/apps/web/node_modules/.pnpm/@vitest+runner@1.6.1/node_modules/@vitest/runner/dist/index.js:967:3)
    at startTests (file:///Users/phill-mac/Unite-Group/apps/web/node_modules/.pnpm/@vitest+runner@1.6.1/node_modules/@vitest/runner/dist/index.js:967:3)
    at startTests (file:///Users/phill-mac/Unite-Group/apps/web/node_modules/.pnpm/@vitest+runner@1.6.1/node_modules/@vitest/runner/dist/index.js:967:3) { route: '/founder/wiki/[id]' }
    at startTests (file:///Users/phill-mac/Unite-Group/apps/web/node_modules/.pnpm/@vitest+runner@1.6.1/node_modules/@vitest/runner/dist/index.js:967:3) { route: '/founder/wiki' }
    at startTests (file:///Users/phill-mac/Unite-Group/apps/web/node_modules/.pnpm/@vitest+runner@1.6.1/node_modules/@vitest/runner/dist/index.js:967:3)
    at startTests (file:///Users/phill-mac/Unite-Group/apps/web/node_modules/.pnpm/@vitest+runner@1.6.1/node_modules/@vitest/runner/dist/index.js:967:3)
 Test Files  491 passed (491)
      Tests  2970 passed (2970)
